<?xml version="1.0" encoding="UTF-8"?>
<!-- Generated by org.testng.reporters.JUnitXMLReporter -->
<testsuite hostname="Home-PC" ignored="0" name="Test" tests="1" failures="0" timestamp="27 Mar 2018 08:56:26 GMT" time="0.094" errors="0">
  <testcase name="@BeforeTest setup" time="0.053" classname="santoshparking.homepage.parkapp2">
    <failure type="java.lang.IllegalStateException" message="The driver executable does not exist: D:\project\santoshparking\src\main\resources\drivers\chromedriver.exe">
      <![CDATA[java.lang.IllegalStateException: The driver executable does not exist: D:\project\santoshparking\src\main\resources\drivers\chromedriver.exeat com.google.common.base.Preconditions.checkState(Preconditions.java:585)at org.openqa.selenium.remote.service.DriverService.checkExecutable(DriverService.java:136)at org.openqa.selenium.remote.service.DriverService.findExecutable(DriverService.java:131)at org.openqa.selenium.chrome.ChromeDriverService.access$000(ChromeDriverService.java:32)at org.openqa.selenium.chrome.ChromeDriverService$Builder.findDefaultExecutable(ChromeDriverService.java:137)at org.openqa.selenium.remote.service.DriverService$Builder.build(DriverService.java:339)at org.openqa.selenium.chrome.ChromeDriverService.createDefaultService(ChromeDriverService.java:88)at org.openqa.selenium.chrome.ChromeDriver.<init>(ChromeDriver.java:123)at santoshparking.homepage.parkapp2.setup(parkapp2.java:30)... Removed 27 stack frames]]>
    </failure>
  </testcase> <!-- @BeforeTest setup -->
  <testcase name="@AfterTest exit" time="0.0" classname="santoshparking.homepage.parkapp2">
    <skipped/>
  </testcase> <!-- @AfterTest exit -->
  <testcase name="test" time="0.0" classname="santoshparking.homepage.parkapp2">
    <skipped/>
  </testcase> <!-- test -->
</testsuite> <!-- Test -->
